{"level":"info","message":"Server is running on port 3000","timestamp":"2025-01-23T13:11:02.806Z"}
{"level":"info","message":"Server is running on port 3000","timestamp":"2025-01-23T13:11:06.551Z"}
{"level":"info","message":"Server is running on port 3000","timestamp":"2025-01-23T13:12:00.553Z"}
{"level":"info","message":"Server is running on port 3000","timestamp":"2025-01-23T13:12:07.271Z"}
{"level":"info","message":"Server is running on port 3000","timestamp":"2025-01-23T13:12:43.368Z"}
{"level":"info","message":"Server is running on port 3000","timestamp":"2025-01-23T13:13:36.590Z"}
{"level":"info","message":"Server is running on port 3000","timestamp":"2025-01-23T13:15:52.800Z"}
{"level":"info","message":"Server is running on port 3000","timestamp":"2025-01-23T13:16:18.677Z"}
{"level":"info","message":"Server is running on port 3000","timestamp":"2025-01-23T13:16:39.665Z"}
{"level":"info","message":"Server is running on port 3000","timestamp":"2025-01-23T13:17:01.974Z"}
{"level":"info","message":"Server is running on port 3000","timestamp":"2025-01-23T13:17:10.093Z"}
{"level":"info","message":"Server is running on port 3000","timestamp":"2025-01-23T13:17:20.770Z"}
{"level":"info","message":"Server is running on port 3000","timestamp":"2025-01-23T13:17:47.020Z"}
{"level":"info","message":"Server is running on port 3000","timestamp":"2025-01-23T13:18:10.354Z"}
{"level":"info","message":"Server is running on port 3000","timestamp":"2025-01-23T13:18:14.832Z"}
{"level":"info","message":"Server is running on port 3000","timestamp":"2025-01-23T13:18:35.189Z"}
{"level":"info","message":"Server is running on port 3000","timestamp":"2025-01-23T13:18:49.272Z"}
{"level":"info","message":"Server is running on port 3000","timestamp":"2025-01-23T13:19:06.230Z"}
{"level":"info","message":"Server is running on port 3000","timestamp":"2025-01-23T13:19:34.790Z"}
{"level":"info","message":"Server is running on port 3000","timestamp":"2025-01-23T13:19:59.038Z"}
{"level":"info","message":"Server is running on port 3000","timestamp":"2025-01-23T13:20:16.349Z"}
{"level":"info","message":"Server is running on port 3000","timestamp":"2025-01-23T13:20:42.247Z"}
{"level":"info","message":"Server is running on port 3000","timestamp":"2025-01-23T13:21:06.069Z"}
{"level":"error","message":"[400] Expected ',' or '}' after property value in JSON at position 27 (line 3 column 3): SyntaxError: Expected ',' or '}' after property value in JSON at position 27 (line 3 column 3)\n    at JSON.parse (<anonymous>)\n    at parse (D:\\mern-e-commerce\\backend\\node_modules\\body-parser\\lib\\types\\json.js:92:19)\n    at D:\\mern-e-commerce\\backend\\node_modules\\body-parser\\lib\\read.js:128:18\n    at AsyncResource.runInAsyncScope (node:async_hooks:211:14)\n    at invokeCallback (D:\\mern-e-commerce\\backend\\node_modules\\raw-body\\index.js:238:16)\n    at done (D:\\mern-e-commerce\\backend\\node_modules\\raw-body\\index.js:227:7)\n    at IncomingMessage.onEnd (D:\\mern-e-commerce\\backend\\node_modules\\raw-body\\index.js:287:7)\n    at IncomingMessage.emit (node:events:524:28)\n    at endReadableNT (node:internal/streams/readable:1698:12)\n    at process.processTicksAndRejections (node:internal/process/task_queues:90:21)","timestamp":"2025-01-23T13:21:24.503Z"}
{"level":"info","message":"Server is running on port 3000","timestamp":"2025-01-23T13:21:46.269Z"}
{"level":"info","message":"Server is running on port 3000","timestamp":"2025-01-23T13:22:10.610Z"}
{"level":"info","message":"Server is running on port 3000","timestamp":"2025-01-23T13:22:13.483Z"}
{"level":"info","message":"Server is running on port 3000","timestamp":"2025-01-23T13:23:03.432Z"}
{"level":"info","message":"Server is running on port 3000","timestamp":"2025-01-23T13:23:24.796Z"}
{"level":"info","message":"Server is running on port 3000","timestamp":"2025-01-23T13:25:22.863Z"}
{"level":"info","message":"Server is running on port 3000","timestamp":"2025-01-23T13:25:51.566Z"}
{"level":"info","message":"Server is running on port 3000","timestamp":"2025-01-23T13:25:53.369Z"}
{"level":"info","message":"Server is running on port 3000","timestamp":"2025-01-23T13:26:01.991Z"}
{"level":"info","message":"Server is running on port 3000","timestamp":"2025-01-23T13:27:00.731Z"}
{"level":"info","message":"Server is running on port 3000","timestamp":"2025-01-23T13:27:21.357Z"}
{"level":"info","message":"Server is running on port 3000","timestamp":"2025-01-23T13:27:43.407Z"}
{"level":"info","message":"Server is running on port 3000","timestamp":"2025-01-23T13:27:57.698Z"}
{"level":"info","message":"Server is running on port 3000","timestamp":"2025-01-23T13:28:08.467Z"}
{"level":"info","message":"Server is running on port 3000","timestamp":"2025-01-23T13:28:42.929Z"}
{"level":"info","message":"Server is running on port 3000","timestamp":"2025-01-23T13:28:59.418Z"}
{"level":"info","message":"Server is running on port 3000","timestamp":"2025-01-23T13:29:47.792Z"}
{"level":"info","message":"Server is running on port 3000","timestamp":"2025-01-23T13:30:53.878Z"}
{"level":"info","message":"Server is running on port 3000","timestamp":"2025-01-23T13:31:36.321Z"}
{"level":"info","message":"Server is running on port 3000","timestamp":"2025-01-23T13:31:44.038Z"}
{"level":"error","message":"[400] Expected ',' or '}' after property value in JSON at position 29 (line 3 column 3): SyntaxError: Expected ',' or '}' after property value in JSON at position 29 (line 3 column 3)\n    at JSON.parse (<anonymous>)\n    at parse (D:\\mern-e-commerce\\backend\\node_modules\\body-parser\\lib\\types\\json.js:92:19)\n    at D:\\mern-e-commerce\\backend\\node_modules\\body-parser\\lib\\read.js:128:18\n    at AsyncResource.runInAsyncScope (node:async_hooks:211:14)\n    at invokeCallback (D:\\mern-e-commerce\\backend\\node_modules\\raw-body\\index.js:238:16)\n    at done (D:\\mern-e-commerce\\backend\\node_modules\\raw-body\\index.js:227:7)\n    at IncomingMessage.onEnd (D:\\mern-e-commerce\\backend\\node_modules\\raw-body\\index.js:287:7)\n    at IncomingMessage.emit (node:events:524:28)\n    at endReadableNT (node:internal/streams/readable:1698:12)\n    at process.processTicksAndRejections (node:internal/process/task_queues:90:21)","timestamp":"2025-01-23T13:32:08.103Z"}
{"level":"info","message":"Server is running on port 3000","timestamp":"2025-01-23T13:32:34.974Z"}
{"level":"info","message":"Server is running on port 3000","timestamp":"2025-01-23T13:32:48.905Z"}
{"level":"info","message":"Server is running on port 3000","timestamp":"2025-01-23T13:33:58.796Z"}
{"level":"info","message":"Server is running on port 3000","timestamp":"2025-01-23T13:35:16.367Z"}
{"level":"info","message":"Server is running on port 3000","timestamp":"2025-01-23T13:35:20.192Z"}
{"level":"info","message":"Server is running on port 3000","timestamp":"2025-01-23T13:35:51.965Z"}
{"level":"info","message":"Server is running on port 3000","timestamp":"2025-01-23T13:36:19.918Z"}
{"level":"info","message":"Server is running on port 3000","timestamp":"2025-01-23T13:37:07.721Z"}
{"level":"info","message":"Server is running on port 3000","timestamp":"2025-01-23T13:37:14.971Z"}
{"level":"info","message":"Server is running on port 3000","timestamp":"2025-01-23T13:38:39.159Z"}
{"level":"info","message":"Server is running on port 3000","timestamp":"2025-01-23T13:38:42.728Z"}
{"level":"info","message":"Server is running on port 3000","timestamp":"2025-01-23T13:40:19.661Z"}
{"level":"info","message":"Server is running on port 3000","timestamp":"2025-01-23T13:40:46.480Z"}
{"level":"info","message":"Server is running on port 3000","timestamp":"2025-01-23T13:40:49.601Z"}
{"level":"info","message":"Server is running on port 3000","timestamp":"2025-01-23T13:41:04.784Z"}
{"level":"info","message":"Server is running on port 3000","timestamp":"2025-01-23T13:41:23.612Z"}
{"level":"info","message":"Server is running on port 3000","timestamp":"2025-01-23T13:41:58.906Z"}
{"level":"info","message":"Server is running on port 3000","timestamp":"2025-01-23T13:42:55.616Z"}
{"level":"info","message":"Server is running on port 3000","timestamp":"2025-01-23T13:43:03.946Z"}
{"level":"info","message":"Server is running on port 3000","timestamp":"2025-01-23T13:43:33.903Z"}
{"level":"info","message":"Server is running on port 3000","timestamp":"2025-01-23T13:44:14.829Z"}
{"level":"info","message":"Server is running on port 3000","timestamp":"2025-01-23T13:45:37.821Z"}
{"level":"info","message":"Server is running on port 3000","timestamp":"2025-01-23T13:47:03.081Z"}
{"level":"info","message":"Server is running on port 3000","timestamp":"2025-01-23T13:48:45.655Z"}
{"level":"info","message":"Server is running on port 3000","timestamp":"2025-01-23T13:48:51.419Z"}
{"level":"info","message":"Server is running on port 3000","timestamp":"2025-01-23T13:49:17.360Z"}
{"level":"info","message":"Server is running on port 3000","timestamp":"2025-01-23T13:49:29.708Z"}
{"level":"info","message":"Access Token: eyJhbGciOiJIUzI1NiIsInR5cCI6IkpXVCJ9.eyJfaWQiOiI2NzkyNDRkYzAxMmU0NDk0MDlmMWE2ZTUiLCJlbWFpbCI6ImF0ZWZyYXdhbjlAZ21haWwuY29uIiwicm9sZSI6ImN1c3RvbWVyIiwiaWF0IjoxNzM3NjQwMTczLCJleHAiOjE3Mzc3MjY1NzN9.O7Epc3_btJTGDUuvpzRt6f_wg-Lcf4qTH3W3bOzUVYA","timestamp":"2025-01-23T13:49:33.847Z"}
{"level":"info","message":"Server is running on port 3000","timestamp":"2025-01-23T13:49:46.743Z"}
{"level":"info","message":"Server is running on port 3000","timestamp":"2025-01-23T13:49:55.456Z"}
{"level":"info","message":"Server is running on port 3000","timestamp":"2025-01-23T13:49:57.569Z"}
{"level":"info","message":"Access Token: eyJhbGciOiJIUzI1NiIsInR5cCI6IkpXVCJ9.eyJfaWQiOiI2NzkyNDRkYzAxMmU0NDk0MDlmMWE2ZTUiLCJlbWFpbCI6ImF0ZWZyYXdhbjlAZ21haWwuY29uIiwicm9sZSI6ImN1c3RvbWVyIiwiaWF0IjoxNzM3NjQwMTk4LCJleHAiOjE3Mzc3MjY1OTh9.qHsUeP2jIWbHW_ZI3N1WhDLbdUhFzal2LKwnFwWOwbo","timestamp":"2025-01-23T13:49:58.296Z"}
{"level":"info","message":"Server is running on port 3000","timestamp":"2025-01-23T13:50:19.453Z"}
{"level":"info","message":"Server is running on port 3000","timestamp":"2025-01-23T13:50:52.703Z"}
{"level":"info","message":"Server is running on port 3000","timestamp":"2025-01-23T13:54:33.482Z"}
{"level":"info","message":"Access Token: eyJhbGciOiJIUzI1NiIsInR5cCI6IkpXVCJ9.eyJfaWQiOiI2NzkyNDRkYzAxMmU0NDk0MDlmMWE2ZTUiLCJlbWFpbCI6ImF0ZWZyYXdhbjlAZ21haWwuY29uIiwicm9sZSI6ImN1c3RvbWVyIiwiaWF0IjoxNzM3NjQwNTc2LCJleHAiOjE3Mzc3MjY5NzZ9.kkKm40eH6_FnKbu1qWUi8og3JUaq99OQ-4lkRCwLkrU","timestamp":"2025-01-23T13:56:16.970Z"}
{"level":"info","message":"Server is running on port 3000","timestamp":"2025-01-23T14:53:49.653Z"}
{"level":"info","message":"Access Token: eyJhbGciOiJIUzI1NiIsInR5cCI6IkpXVCJ9.eyJfaWQiOiI2NzkyNDRkYzAxMmU0NDk0MDlmMWE2ZTUiLCJlbWFpbCI6ImF0ZWZyYXdhbjlAZ21haWwuY29uIiwicm9sZSI6ImN1c3RvbWVyIiwiaWF0IjoxNzM3NjQ0MDMxLCJleHAiOjE3Mzc3MzA0MzF9.2TNd8Yn4tngzCu2k3aNwA5R9CDQJWys0eGZLPz4nF_Y","timestamp":"2025-01-23T14:53:51.996Z"}
{"level":"info","message":"Access Token: eyJhbGciOiJIUzI1NiIsInR5cCI6IkpXVCJ9.eyJfaWQiOiI2NzkyNDRkYzAxMmU0NDk0MDlmMWE2ZTUiLCJlbWFpbCI6ImF0ZWZyYXdhbjlAZ21haWwuY29uIiwicm9sZSI6ImN1c3RvbWVyIiwiaWF0IjoxNzM3NjQ0MjU1LCJleHAiOjE3Mzc3MzA2NTV9.tKhAEXWEcSbBTt7SQO-9ZU_aRGSlHWf6NrsdOCaI6kQ","timestamp":"2025-01-23T14:57:35.464Z"}
