{"level":"info","message":"Server is running on port 3000","timestamp":"2025-01-25T14:39:33.364Z"}
{"level":"error","message":"[400] Expected ',' or '}' after property value in JSON at position 28: SyntaxError: Expected ',' or '}' after property value in JSON at position 28\n    at JSON.parse (<anonymous>)\n    at parse (C:\\Users\\Rawan\\GizmoGalaxy\\backend\\node_modules\\body-parser\\lib\\types\\json.js:92:19)\n    at C:\\Users\\Rawan\\GizmoGalaxy\\backend\\node_modules\\body-parser\\lib\\read.js:128:18\n    at AsyncResource.runInAsyncScope (node:async_hooks:206:9)\n    at invokeCallback (C:\\Users\\Rawan\\GizmoGalaxy\\backend\\node_modules\\raw-body\\index.js:238:16)\n    at done (C:\\Users\\Rawan\\GizmoGalaxy\\backend\\node_modules\\raw-body\\index.js:227:7)\n    at IncomingMessage.onEnd (C:\\Users\\Rawan\\GizmoGalaxy\\backend\\node_modules\\raw-body\\index.js:287:7)\n    at IncomingMessage.emit (node:events:514:28)\n    at endReadableNT (node:internal/streams/readable:1589:12)\n    at process.processTicksAndRejections (node:internal/process/task_queues:82:21)","timestamp":"2025-01-25T14:45:18.835Z"}
{"level":"info","message":"Access Token: eyJhbGciOiJIUzI1NiIsInR5cCI6IkpXVCJ9.eyJfaWQiOiI2Nzk0ZjkwNmY4NTBkOGIzNDdmOWY4NWEiLCJlbWFpbCI6ImhlbGxvMTIzQGdtYWlsLmNvbSIsInJvbGUiOiJjdXN0b21lciIsImlhdCI6MTczNzgxNjMzNiwiZXhwIjoxNzM3OTAyNzM2fQ.03O7CbJoUSwaJAnlD_N8AFudPCTEK43sCpTGWQQuo34","timestamp":"2025-01-25T14:45:36.533Z"}
{"level":"info","message":"Access Token: eyJhbGciOiJIUzI1NiIsInR5cCI6IkpXVCJ9.eyJfaWQiOiI2Nzk0ZjkwNmY4NTBkOGIzNDdmOWY4NWEiLCJlbWFpbCI6ImhlbGxvMTIzQGdtYWlsLmNvbSIsInJvbGUiOiJjdXN0b21lciIsImlhdCI6MTczNzgxNjM3NiwiZXhwIjoxNzM3OTAyNzc2fQ.4QXxMDLHVm7vyBuBBSd04n66GSs6Q28ntIS5DqOwaHs","timestamp":"2025-01-25T14:46:16.766Z"}
{"level":"error","message":"[400] Expected ',' or '}' after property value in JSON at position 29: SyntaxError: Expected ',' or '}' after property value in JSON at position 29\n    at JSON.parse (<anonymous>)\n    at parse (C:\\Users\\Rawan\\GizmoGalaxy\\backend\\node_modules\\body-parser\\lib\\types\\json.js:92:19)\n    at C:\\Users\\Rawan\\GizmoGalaxy\\backend\\node_modules\\body-parser\\lib\\read.js:128:18\n    at AsyncResource.runInAsyncScope (node:async_hooks:206:9)\n    at invokeCallback (C:\\Users\\Rawan\\GizmoGalaxy\\backend\\node_modules\\raw-body\\index.js:238:16)\n    at done (C:\\Users\\Rawan\\GizmoGalaxy\\backend\\node_modules\\raw-body\\index.js:227:7)\n    at IncomingMessage.onEnd (C:\\Users\\Rawan\\GizmoGalaxy\\backend\\node_modules\\raw-body\\index.js:287:7)\n    at IncomingMessage.emit (node:events:514:28)\n    at endReadableNT (node:internal/streams/readable:1589:12)\n    at process.processTicksAndRejections (node:internal/process/task_queues:82:21)","timestamp":"2025-01-25T14:48:27.858Z"}
{"level":"error","message":"[400] Expected double-quoted property name in JSON at position 69: SyntaxError: Expected double-quoted property name in JSON at position 69\n    at JSON.parse (<anonymous>)\n    at parse (C:\\Users\\Rawan\\GizmoGalaxy\\backend\\node_modules\\body-parser\\lib\\types\\json.js:92:19)\n    at C:\\Users\\Rawan\\GizmoGalaxy\\backend\\node_modules\\body-parser\\lib\\read.js:128:18\n    at AsyncResource.runInAsyncScope (node:async_hooks:206:9)\n    at invokeCallback (C:\\Users\\Rawan\\GizmoGalaxy\\backend\\node_modules\\raw-body\\index.js:238:16)\n    at done (C:\\Users\\Rawan\\GizmoGalaxy\\backend\\node_modules\\raw-body\\index.js:227:7)\n    at IncomingMessage.onEnd (C:\\Users\\Rawan\\GizmoGalaxy\\backend\\node_modules\\raw-body\\index.js:287:7)\n    at IncomingMessage.emit (node:events:514:28)\n    at endReadableNT (node:internal/streams/readable:1589:12)\n    at process.processTicksAndRejections (node:internal/process/task_queues:82:21)","timestamp":"2025-01-25T14:48:40.580Z"}
{"level":"info","message":"Access Token: eyJhbGciOiJIUzI1NiIsInR5cCI6IkpXVCJ9.eyJfaWQiOiI2Nzk0ZjliZmY4NTBkOGIzNDdmOWY4NjEiLCJlbWFpbCI6ImhlbGxvMTJAZ21haWwuY29tIiwicm9sZSI6ImN1c3RvbWVyIiwiaWF0IjoxNzM3ODE2NTI3LCJleHAiOjE3Mzc5MDI5Mjd9.GMbeJyjdcbHhIVN8nNMIeo70QH3_Y1Ea8CVcEWTCTlU","timestamp":"2025-01-25T14:48:47.665Z"}
{"level":"info","message":"Access Token: eyJhbGciOiJIUzI1NiIsInR5cCI6IkpXVCJ9.eyJfaWQiOiI2Nzk0ZjliZmY4NTBkOGIzNDdmOWY4NjEiLCJlbWFpbCI6ImhlbGxvMTJAZ21haWwuY29tIiwicm9sZSI6ImN1c3RvbWVyIiwiaWF0IjoxNzM3ODE2NTQyLCJleHAiOjE3Mzc5MDI5NDJ9.yVwzV2ZbPGfEKR5c-5dYeKtVi9jOaFcViB5Q6a4W_tU","timestamp":"2025-01-25T14:49:02.412Z"}
{"level":"info","message":"Access Token: eyJhbGciOiJIUzI1NiIsInR5cCI6IkpXVCJ9.eyJfaWQiOiI2Nzk0ZjliZmY4NTBkOGIzNDdmOWY4NjEiLCJlbWFpbCI6ImhlbGxvMTJAZ21haWwuY29tIiwicm9sZSI6ImN1c3RvbWVyIiwiaWF0IjoxNzM3ODE2NjIxLCJleHAiOjE3Mzc5MDMwMjF9.UnN5m2kAi_H-9wgK161BFbLcdNS_cHXQh3qysmo2yfk","timestamp":"2025-01-25T14:50:21.189Z"}
{"level":"info","message":"Access Token: eyJhbGciOiJIUzI1NiIsInR5cCI6IkpXVCJ9.eyJfaWQiOiI2Nzk0ZjliZmY4NTBkOGIzNDdmOWY4NjEiLCJlbWFpbCI6ImhlbGxvMTJAZ21haWwuY29tIiwicm9sZSI6ImN1c3RvbWVyIiwiaWF0IjoxNzM3ODE2NjMxLCJleHAiOjE3Mzc5MDMwMzF9.nsPI-_DXRUttKDEg8-_sSNL6btUjyCbc3zaNVidKuqM","timestamp":"2025-01-25T14:50:31.856Z"}
{"level":"info","message":"Access Token: eyJhbGciOiJIUzI1NiIsInR5cCI6IkpXVCJ9.eyJfaWQiOiI2Nzk0ZjliZmY4NTBkOGIzNDdmOWY4NjEiLCJlbWFpbCI6ImhlbGxvMTJAZ21haWwuY29tIiwicm9sZSI6ImN1c3RvbWVyIiwiaWF0IjoxNzM3ODE3NDcwLCJleHAiOjE3Mzc5MDM4NzB9.iwyjDxsl6fEA07k43ShrNF2TEUy6FhDitFg-gFZWenA","timestamp":"2025-01-25T15:04:30.525Z"}
{"level":"error","message":"[400] Unexpected token '}', ...\"   \"role\"\n}\" is not valid JSON: SyntaxError: Unexpected token '}', ...\"   \"role\"\n}\" is not valid JSON\n    at JSON.parse (<anonymous>)\n    at parse (C:\\Users\\Rawan\\GizmoGalaxy\\backend\\node_modules\\body-parser\\lib\\types\\json.js:92:19)\n    at C:\\Users\\Rawan\\GizmoGalaxy\\backend\\node_modules\\body-parser\\lib\\read.js:128:18\n    at AsyncResource.runInAsyncScope (node:async_hooks:206:9)\n    at invokeCallback (C:\\Users\\Rawan\\GizmoGalaxy\\backend\\node_modules\\raw-body\\index.js:238:16)\n    at done (C:\\Users\\Rawan\\GizmoGalaxy\\backend\\node_modules\\raw-body\\index.js:227:7)\n    at IncomingMessage.onEnd (C:\\Users\\Rawan\\GizmoGalaxy\\backend\\node_modules\\raw-body\\index.js:287:7)\n    at IncomingMessage.emit (node:events:514:28)\n    at endReadableNT (node:internal/streams/readable:1589:12)\n    at process.processTicksAndRejections (node:internal/process/task_queues:82:21)","timestamp":"2025-01-25T15:04:42.460Z"}
{"level":"error","message":"[400] Unexpected token '}', ...\" \"role\": \n}\" is not valid JSON: SyntaxError: Unexpected token '}', ...\" \"role\": \n}\" is not valid JSON\n    at JSON.parse (<anonymous>)\n    at parse (C:\\Users\\Rawan\\GizmoGalaxy\\backend\\node_modules\\body-parser\\lib\\types\\json.js:92:19)\n    at C:\\Users\\Rawan\\GizmoGalaxy\\backend\\node_modules\\body-parser\\lib\\read.js:128:18\n    at AsyncResource.runInAsyncScope (node:async_hooks:206:9)\n    at invokeCallback (C:\\Users\\Rawan\\GizmoGalaxy\\backend\\node_modules\\raw-body\\index.js:238:16)\n    at done (C:\\Users\\Rawan\\GizmoGalaxy\\backend\\node_modules\\raw-body\\index.js:227:7)\n    at IncomingMessage.onEnd (C:\\Users\\Rawan\\GizmoGalaxy\\backend\\node_modules\\raw-body\\index.js:287:7)\n    at IncomingMessage.emit (node:events:514:28)\n    at endReadableNT (node:internal/streams/readable:1589:12)\n    at process.processTicksAndRejections (node:internal/process/task_queues:82:21)","timestamp":"2025-01-25T15:04:46.879Z"}
{"level":"info","message":"Access Token: eyJhbGciOiJIUzI1NiIsInR5cCI6IkpXVCJ9.eyJfaWQiOiI2Nzk0ZjliZmY4NTBkOGIzNDdmOWY4NjEiLCJlbWFpbCI6ImhlbGxvMTJAZ21haWwuY29tIiwicm9sZSI6ImN1c3RvbWVyIiwiaWF0IjoxNzM3ODE3NDkxLCJleHAiOjE3Mzc5MDM4OTF9.RLiUBy8YgCCslkMbSYm1pm3Ld8jGgzEuMJxzEPeco-w","timestamp":"2025-01-25T15:04:51.506Z"}
{"level":"info","message":"Access Token: eyJhbGciOiJIUzI1NiIsInR5cCI6IkpXVCJ9.eyJfaWQiOiI2Nzk0ZjliZmY4NTBkOGIzNDdmOWY4NjEiLCJlbWFpbCI6ImhlbGxvMTJAZ21haWwuY29tIiwicm9sZSI6ImN1c3RvbWVyIiwiaWF0IjoxNzM3ODE3NDk2LCJleHAiOjE3Mzc5MDM4OTZ9.f8KH7nbgLWUWzjCldrh7cdTIdI_hUMmvNVzgIG7IFQo","timestamp":"2025-01-25T15:04:56.248Z"}
{"level":"info","message":"Access Token: eyJhbGciOiJIUzI1NiIsInR5cCI6IkpXVCJ9.eyJfaWQiOiI2Nzk0ZjliZmY4NTBkOGIzNDdmOWY4NjEiLCJlbWFpbCI6ImhlbGxvMTJAZ21haWwuY29tIiwicm9sZSI6ImN1c3RvbWVyIiwiaWF0IjoxNzM3ODE3NDk3LCJleHAiOjE3Mzc5MDM4OTd9.KvWv2MpenEv5wK_wBjmM2CdLys9oNm7N8gYizt7f-tc","timestamp":"2025-01-25T15:04:57.251Z"}
{"level":"info","message":"Access Token: eyJhbGciOiJIUzI1NiIsInR5cCI6IkpXVCJ9.eyJfaWQiOiI2Nzk0ZjliZmY4NTBkOGIzNDdmOWY4NjEiLCJlbWFpbCI6ImhlbGxvMTJAZ21haWwuY29tIiwicm9sZSI6ImN1c3RvbWVyIiwiaWF0IjoxNzM3ODE3NTAxLCJleHAiOjE3Mzc5MDM5MDF9.T3ZmGJubBgSq0HucjIZVvGf30AWuGjpT4b5gj1WqeDQ","timestamp":"2025-01-25T15:05:01.554Z"}
{"level":"info","message":"Access Token: eyJhbGciOiJIUzI1NiIsInR5cCI6IkpXVCJ9.eyJfaWQiOiI2Nzk0ZjliZmY4NTBkOGIzNDdmOWY4NjEiLCJlbWFpbCI6ImhlbGxvMTJAZ21haWwuY29tIiwicm9sZSI6ImN1c3RvbWVyIiwiaWF0IjoxNzM3ODE3NTQ1LCJleHAiOjE3Mzc5MDM5NDV9.5w7JKglXdGIRpnMRpxmMfu3epxGw1_bSzqa7eVOn6TQ","timestamp":"2025-01-25T15:05:45.896Z"}
{"level":"info","message":"Server is running on port 3000","timestamp":"2025-01-25T15:07:45.740Z"}
{"level":"info","message":"Server is running on port 3000","timestamp":"2025-01-25T15:07:48.126Z"}
{"level":"info","message":"Server is running on port 3000","timestamp":"2025-01-25T15:08:24.530Z"}
{"level":"info","message":"Server is running on port 3000","timestamp":"2025-01-25T15:08:54.890Z"}
{"level":"info","message":"Server is running on port 3000","timestamp":"2025-01-25T15:08:56.654Z"}
{"level":"info","message":"Server is running on port 3000","timestamp":"2025-01-25T15:09:01.207Z"}
{"level":"info","message":"Server is running on port 3000","timestamp":"2025-01-25T15:09:03.082Z"}
{"level":"info","message":"Server is running on port 3000","timestamp":"2025-01-25T15:09:04.371Z"}
{"level":"info","message":"Server is running on port 3000","timestamp":"2025-01-25T15:09:14.527Z"}
{"level":"error","message":"[400] Expected double-quoted property name in JSON at position 69: SyntaxError: Expected double-quoted property name in JSON at position 69\n    at JSON.parse (<anonymous>)\n    at parse (C:\\Users\\Rawan\\GizmoGalaxy\\backend\\node_modules\\body-parser\\lib\\types\\json.js:92:19)\n    at C:\\Users\\Rawan\\GizmoGalaxy\\backend\\node_modules\\body-parser\\lib\\read.js:128:18\n    at AsyncResource.runInAsyncScope (node:async_hooks:206:9)\n    at invokeCallback (C:\\Users\\Rawan\\GizmoGalaxy\\backend\\node_modules\\raw-body\\index.js:238:16)\n    at done (C:\\Users\\Rawan\\GizmoGalaxy\\backend\\node_modules\\raw-body\\index.js:227:7)\n    at IncomingMessage.onEnd (C:\\Users\\Rawan\\GizmoGalaxy\\backend\\node_modules\\raw-body\\index.js:287:7)\n    at IncomingMessage.emit (node:events:514:28)\n    at endReadableNT (node:internal/streams/readable:1589:12)\n    at process.processTicksAndRejections (node:internal/process/task_queues:82:21)","timestamp":"2025-01-25T15:09:17.314Z"}
{"level":"error","message":"[400] Expected double-quoted property name in JSON at position 67: SyntaxError: Expected double-quoted property name in JSON at position 67\n    at JSON.parse (<anonymous>)\n    at parse (C:\\Users\\Rawan\\GizmoGalaxy\\backend\\node_modules\\body-parser\\lib\\types\\json.js:92:19)\n    at C:\\Users\\Rawan\\GizmoGalaxy\\backend\\node_modules\\body-parser\\lib\\read.js:128:18\n    at AsyncResource.runInAsyncScope (node:async_hooks:206:9)\n    at invokeCallback (C:\\Users\\Rawan\\GizmoGalaxy\\backend\\node_modules\\raw-body\\index.js:238:16)\n    at done (C:\\Users\\Rawan\\GizmoGalaxy\\backend\\node_modules\\raw-body\\index.js:227:7)\n    at IncomingMessage.onEnd (C:\\Users\\Rawan\\GizmoGalaxy\\backend\\node_modules\\raw-body\\index.js:287:7)\n    at IncomingMessage.emit (node:events:514:28)\n    at endReadableNT (node:internal/streams/readable:1589:12)\n    at process.processTicksAndRejections (node:internal/process/task_queues:82:21)","timestamp":"2025-01-25T15:10:06.480Z"}
{"level":"info","message":"Server is running on port 3000","timestamp":"2025-01-25T15:11:39.788Z"}
{"level":"info","message":"Server is running on port 3000","timestamp":"2025-01-25T15:14:38.545Z"}
{"level":"info","message":"Server is running on port 3000","timestamp":"2025-01-25T16:45:02.476Z"}
{"level":"info","message":"Server is running on port 3000","timestamp":"2025-01-25T16:45:09.362Z"}
{"level":"info","message":"Server is running on port 3000","timestamp":"2025-01-25T16:45:15.863Z"}
{"level":"info","message":"Server is running on port 3000","timestamp":"2025-01-25T16:45:20.571Z"}
{"level":"info","message":"Server is running on port 3000","timestamp":"2025-01-25T16:46:06.348Z"}
{"level":"info","message":"Server is running on port 3000","timestamp":"2025-01-25T16:46:26.093Z"}
{"level":"info","message":"Server is running on port 3000","timestamp":"2025-01-25T16:46:37.959Z"}
{"level":"info","message":"Server is running on port 3000","timestamp":"2025-01-25T16:46:43.476Z"}
{"level":"info","message":"Server is running on port 3000","timestamp":"2025-01-25T16:46:51.203Z"}
{"level":"info","message":"Server is running on port 3000","timestamp":"2025-01-25T16:47:02.123Z"}
{"level":"info","message":"Server is running on port 3000","timestamp":"2025-01-25T16:48:15.510Z"}
{"level":"info","message":"Server is running on port 3000","timestamp":"2025-01-25T16:50:53.838Z"}
{"level":"info","message":"Server is running on port 3000","timestamp":"2025-01-25T16:51:26.376Z"}
{"level":"info","message":"Server is running on port 3000","timestamp":"2025-01-25T16:51:29.767Z"}
{"level":"info","message":"Server is running on port 3000","timestamp":"2025-01-25T16:52:36.737Z"}
{"level":"info","message":"Server is running on port 3000","timestamp":"2025-01-25T16:54:01.218Z"}
{"level":"info","message":"Server is running on port 3000","timestamp":"2025-01-25T16:54:52.385Z"}
{"level":"info","message":"Server is running on port 3000","timestamp":"2025-01-25T16:55:03.353Z"}
{"level":"info","message":"Server is running on port 3000","timestamp":"2025-01-25T16:55:20.388Z"}
{"level":"info","message":"Server is running on port 3000","timestamp":"2025-01-25T16:55:26.691Z"}
{"level":"info","message":"Server is running on port 3000","timestamp":"2025-01-25T16:55:39.352Z"}
{"level":"info","message":"Server is running on port 3000","timestamp":"2025-01-25T16:56:15.064Z"}
{"level":"info","message":"Server is running on port 3000","timestamp":"2025-01-25T16:56:34.877Z"}
{"level":"info","message":"Server is running on port 3000","timestamp":"2025-01-25T16:56:47.240Z"}
{"level":"info","message":"Server is running on port 3000","timestamp":"2025-01-25T16:57:15.321Z"}
{"level":"info","message":"Server is running on port 3000","timestamp":"2025-01-25T16:57:22.040Z"}
{"level":"info","message":"Server is running on port 3000","timestamp":"2025-01-25T16:57:57.160Z"}
{"level":"info","message":"Server is running on port 3000","timestamp":"2025-01-25T16:58:14.460Z"}
{"level":"info","message":"Server is running on port 3000","timestamp":"2025-01-25T16:58:42.149Z"}
{"level":"info","message":"Server is running on port 3000","timestamp":"2025-01-25T17:00:04.936Z"}
{"level":"info","message":"Server is running on port 3000","timestamp":"2025-01-25T17:01:08.428Z"}
{"level":"info","message":"Server is running on port 3000","timestamp":"2025-01-25T17:01:42.047Z"}
{"level":"info","message":"Server is running on port 3000","timestamp":"2025-01-25T17:01:50.988Z"}
{"level":"info","message":"Server is running on port 3000","timestamp":"2025-01-25T17:03:13.861Z"}
{"level":"info","message":"Server is running on port 3000","timestamp":"2025-01-25T17:03:19.090Z"}
{"level":"info","message":"Server is running on port 3000","timestamp":"2025-01-25T17:03:43.888Z"}
{"level":"info","message":"Server is running on port 3000","timestamp":"2025-01-25T17:04:03.177Z"}
{"level":"info","message":"Server is running on port 3000","timestamp":"2025-01-25T17:04:21.190Z"}
{"level":"info","message":"Server is running on port 3000","timestamp":"2025-01-25T17:05:21.256Z"}
{"level":"info","message":"Server is running on port 3000","timestamp":"2025-01-25T17:05:40.967Z"}
{"level":"info","message":"Server is running on port 3000","timestamp":"2025-01-25T17:05:50.229Z"}
{"level":"info","message":"Server is running on port 3000","timestamp":"2025-01-25T17:05:54.479Z"}
{"level":"info","message":"Server is running on port 3000","timestamp":"2025-01-25T17:06:33.378Z"}
{"level":"info","message":"Server is running on port 3000","timestamp":"2025-01-25T17:06:45.289Z"}
{"level":"info","message":"Server is running on port 3000","timestamp":"2025-01-25T17:06:47.220Z"}
{"level":"info","message":"Server is running on port 3000","timestamp":"2025-01-25T17:06:53.188Z"}
{"level":"info","message":"Server is running on port 3000","timestamp":"2025-01-25T17:06:58.463Z"}
{"level":"info","message":"Server is running on port 3000","timestamp":"2025-01-25T17:07:02.011Z"}
{"level":"info","message":"Server is running on port 3000","timestamp":"2025-01-25T17:07:08.148Z"}
{"level":"info","message":"Server is running on port 3000","timestamp":"2025-01-25T17:07:34.456Z"}
{"level":"info","message":"Server is running on port 3000","timestamp":"2025-01-25T17:08:00.181Z"}
{"level":"info","message":"Server is running on port 3000","timestamp":"2025-01-25T17:08:04.489Z"}
{"level":"info","message":"Server is running on port 3000","timestamp":"2025-01-25T17:08:11.866Z"}
{"level":"info","message":"Server is running on port 3000","timestamp":"2025-01-25T17:08:15.791Z"}
{"level":"info","message":"Server is running on port 3000","timestamp":"2025-01-25T17:08:19.249Z"}
{"level":"info","message":"Server is running on port 3000","timestamp":"2025-01-25T17:08:40.587Z"}
{"level":"info","message":"Server is running on port 3000","timestamp":"2025-01-25T17:08:43.920Z"}
{"level":"info","message":"Server is running on port 3000","timestamp":"2025-01-25T17:10:15.097Z"}
{"level":"info","message":"Server is running on port 3000","timestamp":"2025-01-25T17:10:54.562Z"}
{"level":"info","message":"Server is running on port 3000","timestamp":"2025-01-25T17:11:19.193Z"}
{"level":"info","message":"Server is running on port 3000","timestamp":"2025-01-25T17:11:24.002Z"}
{"level":"info","message":"Server is running on port 3000","timestamp":"2025-01-25T17:11:30.745Z"}
{"level":"info","message":"Server is running on port 3000","timestamp":"2025-01-25T17:12:26.803Z"}
{"level":"info","message":"Server is running on port 3000","timestamp":"2025-01-25T17:12:38.182Z"}
{"level":"info","message":"Server is running on port 3000","timestamp":"2025-01-25T17:12:50.328Z"}
{"level":"info","message":"Server is running on port 3000","timestamp":"2025-01-25T17:12:53.157Z"}
{"level":"info","message":"Server is running on port 3000","timestamp":"2025-01-25T17:12:56.164Z"}
{"level":"info","message":"Server is running on port 3000","timestamp":"2025-01-25T17:13:08.444Z"}
{"level":"info","message":"Server is running on port 3000","timestamp":"2025-01-25T17:13:15.351Z"}
{"level":"info","message":"Server is running on port 3000","timestamp":"2025-01-25T17:13:26.531Z"}
{"level":"info","message":"Server is running on port 3000","timestamp":"2025-01-25T17:13:47.811Z"}
{"level":"info","message":"Server is running on port 3000","timestamp":"2025-01-25T17:15:26.649Z"}
{"level":"info","message":"Server is running on port 3000","timestamp":"2025-01-25T17:16:06.337Z"}
{"level":"info","message":"Server is running on port 3000","timestamp":"2025-01-25T17:16:16.851Z"}
{"level":"info","message":"Server is running on port 3000","timestamp":"2025-01-25T17:16:33.995Z"}
{"level":"info","message":"Server is running on port 3000","timestamp":"2025-01-25T17:17:36.985Z"}
{"level":"info","message":"Server is running on port 3000","timestamp":"2025-01-25T17:17:43.401Z"}
{"level":"info","message":"Server is running on port 3000","timestamp":"2025-01-25T17:19:38.669Z"}
{"level":"info","message":"Server is running on port 3000","timestamp":"2025-01-25T17:19:43.223Z"}
{"level":"info","message":"Server is running on port 3000","timestamp":"2025-01-25T17:19:44.724Z"}
{"level":"info","message":"Server is running on port 3000","timestamp":"2025-01-25T17:19:45.919Z"}
{"level":"info","message":"Server is running on port 3000","timestamp":"2025-01-25T17:19:47.262Z"}
{"level":"info","message":"Server is running on port 3000","timestamp":"2025-01-25T17:19:55.694Z"}
{"level":"info","message":"Server is running on port 3000","timestamp":"2025-01-25T17:19:59.195Z"}
{"level":"info","message":"Server is running on port 3000","timestamp":"2025-01-25T17:20:04.853Z"}
{"level":"info","message":"Server is running on port 3000","timestamp":"2025-01-25T17:20:06.569Z"}
{"level":"info","message":"Server is running on port 3000","timestamp":"2025-01-25T17:21:07.451Z"}
{"level":"info","message":"Server is running on port 3000","timestamp":"2025-01-25T17:23:17.504Z"}
{"level":"info","message":"Server is running on port 3000","timestamp":"2025-01-25T17:24:57.814Z"}
{"level":"info","message":"Server is running on port 3000","timestamp":"2025-01-25T17:25:54.954Z"}
{"level":"info","message":"Server is running on port 3000","timestamp":"2025-01-25T17:26:07.146Z"}
{"level":"info","message":"Server is running on port 3000","timestamp":"2025-01-25T17:26:10.116Z"}
{"level":"info","message":"Server is running on port 3000","timestamp":"2025-01-25T17:26:20.106Z"}
{"level":"info","message":"Server is running on port 3000","timestamp":"2025-01-25T17:26:33.800Z"}
{"level":"info","message":"Server is running on port 3000","timestamp":"2025-01-25T17:26:45.467Z"}
{"level":"info","message":"Server is running on port 3000","timestamp":"2025-01-25T17:27:34.200Z"}
{"level":"info","message":"Server is running on port 3000","timestamp":"2025-01-25T17:27:49.040Z"}
{"level":"info","message":"Server is running on port 3000","timestamp":"2025-01-25T17:27:52.276Z"}
{"level":"info","message":"Server is running on port 3000","timestamp":"2025-01-25T17:29:05.470Z"}
{"level":"info","message":"Server is running on port 3000","timestamp":"2025-01-25T17:29:56.114Z"}
{"level":"info","message":"Server is running on port 3000","timestamp":"2025-01-25T17:31:07.237Z"}
{"level":"info","message":"Server is running on port 3000","timestamp":"2025-01-25T17:31:10.065Z"}
{"level":"info","message":"Server is running on port 3000","timestamp":"2025-01-25T17:31:16.891Z"}
{"level":"info","message":"Server is running on port 3000","timestamp":"2025-01-25T17:31:41.635Z"}
{"level":"info","message":"Server is running on port 3000","timestamp":"2025-01-25T17:31:44.353Z"}
{"level":"info","message":"Server is running on port 3000","timestamp":"2025-01-25T17:32:19.990Z"}
{"level":"info","message":"Server is running on port 3000","timestamp":"2025-01-25T17:32:23.204Z"}
{"level":"info","message":"Server is running on port 3000","timestamp":"2025-01-25T17:32:41.378Z"}
{"level":"info","message":"Server is running on port 3000","timestamp":"2025-01-25T17:33:17.414Z"}
{"level":"info","message":"Server is running on port 3000","timestamp":"2025-01-25T17:33:19.822Z"}
{"level":"info","message":"Server is running on port 3000","timestamp":"2025-01-25T17:33:21.712Z"}
{"level":"info","message":"Server is running on port 3000","timestamp":"2025-01-25T17:33:28.780Z"}
{"level":"info","message":"Server is running on port 3000","timestamp":"2025-01-25T17:34:05.159Z"}
{"level":"info","message":"Server is running on port 3000","timestamp":"2025-01-25T17:34:07.021Z"}
{"level":"info","message":"Server is running on port 3000","timestamp":"2025-01-25T17:34:15.900Z"}
{"level":"info","message":"Server is running on port 3000","timestamp":"2025-01-25T17:34:27.850Z"}
{"level":"info","message":"Server is running on port 3000","timestamp":"2025-01-25T17:34:35.390Z"}
{"level":"info","message":"Server is running on port 3000","timestamp":"2025-01-25T17:34:38.742Z"}
{"level":"info","message":"Server is running on port 3000","timestamp":"2025-01-25T17:34:39.719Z"}
{"level":"info","message":"Server is running on port 3000","timestamp":"2025-01-25T17:34:44.045Z"}
{"level":"info","message":"Server is running on port 3000","timestamp":"2025-01-25T17:34:51.660Z"}
{"level":"info","message":"Server is running on port 3000","timestamp":"2025-01-25T17:34:58.857Z"}
{"level":"info","message":"Server is running on port 3000","timestamp":"2025-01-25T17:35:00.705Z"}
{"level":"info","message":"Server is running on port 3000","timestamp":"2025-01-25T17:35:11.881Z"}
{"level":"info","message":"Server is running on port 3000","timestamp":"2025-01-25T17:35:20.252Z"}
{"level":"info","message":"Server is running on port 3000","timestamp":"2025-01-25T17:35:23.697Z"}
{"level":"info","message":"Server is running on port 3000","timestamp":"2025-01-25T17:36:04.760Z"}
{"level":"info","message":"Server is running on port 3000","timestamp":"2025-01-25T17:36:07.656Z"}
{"level":"info","message":"Server is running on port 3000","timestamp":"2025-01-25T17:37:02.535Z"}
{"level":"info","message":"Server is running on port 3000","timestamp":"2025-01-25T17:37:30.424Z"}
{"level":"info","message":"Server is running on port 3000","timestamp":"2025-01-25T17:37:36.433Z"}
{"level":"info","message":"Server is running on port 3000","timestamp":"2025-01-25T17:37:38.233Z"}
{"level":"info","message":"Server is running on port 3000","timestamp":"2025-01-25T17:37:54.153Z"}
{"level":"info","message":"Server is running on port 3000","timestamp":"2025-01-25T17:38:20.777Z"}
{"level":"info","message":"Server is running on port 3000","timestamp":"2025-01-25T17:38:24.888Z"}
{"level":"info","message":"Server is running on port 3000","timestamp":"2025-01-25T17:38:51.586Z"}
{"level":"info","message":"Server is running on port 3000","timestamp":"2025-01-25T17:39:46.854Z"}
{"level":"info","message":"Server is running on port 3000","timestamp":"2025-01-25T17:39:50.658Z"}
{"level":"info","message":"Server is running on port 3000","timestamp":"2025-01-25T17:40:08.664Z"}
{"level":"info","message":"Server is running on port 3000","timestamp":"2025-01-25T17:40:16.393Z"}
{"level":"info","message":"Server is running on port 3000","timestamp":"2025-01-25T17:40:18.019Z"}
{"level":"info","message":"Server is running on port 3000","timestamp":"2025-01-25T17:40:19.996Z"}
{"level":"info","message":"Server is running on port 3000","timestamp":"2025-01-25T17:40:26.014Z"}
{"level":"info","message":"Server is running on port 3000","timestamp":"2025-01-25T17:40:27.404Z"}
{"level":"info","message":"Server is running on port 3000","timestamp":"2025-01-25T17:40:29.470Z"}
{"level":"info","message":"Server is running on port 3000","timestamp":"2025-01-25T17:41:09.576Z"}
{"level":"info","message":"Server is running on port 3000","timestamp":"2025-01-25T17:41:47.429Z"}
{"level":"info","message":"Server is running on port 3000","timestamp":"2025-01-25T17:43:09.884Z"}
{"level":"info","message":"Server is running on port 3000","timestamp":"2025-01-25T17:45:03.348Z"}
{"level":"info","message":"Server is running on port 3000","timestamp":"2025-01-25T17:45:07.912Z"}
{"level":"info","message":"Server is running on port 3000","timestamp":"2025-01-25T17:45:22.401Z"}
{"level":"info","message":"Server is running on port 3000","timestamp":"2025-01-25T17:45:39.872Z"}
{"level":"info","message":"Server is running on port 3000","timestamp":"2025-01-25T17:45:41.626Z"}
{"level":"info","message":"Server is running on port 3000","timestamp":"2025-01-25T17:45:46.804Z"}
{"level":"info","message":"Server is running on port 3000","timestamp":"2025-01-25T17:45:49.534Z"}
{"level":"info","message":"Server is running on port 3000","timestamp":"2025-01-25T17:45:51.648Z"}
{"level":"info","message":"Server is running on port 3000","timestamp":"2025-01-25T17:45:52.790Z"}
{"level":"info","message":"Server is running on port 3000","timestamp":"2025-01-25T17:46:08.092Z"}
{"level":"info","message":"Server is running on port 3000","timestamp":"2025-01-25T17:46:14.320Z"}
{"level":"info","message":"Server is running on port 3000","timestamp":"2025-01-25T17:46:31.468Z"}
{"level":"info","message":"Server is running on port 3000","timestamp":"2025-01-25T17:46:41.347Z"}
{"level":"info","message":"Server is running on port 3000","timestamp":"2025-01-25T17:46:49.647Z"}
{"level":"info","message":"Server is running on port 3000","timestamp":"2025-01-25T17:47:03.917Z"}
{"level":"info","message":"Server is running on port 3000","timestamp":"2025-01-25T17:47:05.868Z"}
{"level":"info","message":"Server is running on port 3000","timestamp":"2025-01-25T17:47:08.544Z"}
{"level":"info","message":"Server is running on port 3000","timestamp":"2025-01-25T17:47:13.599Z"}
{"level":"info","message":"Server is running on port 3000","timestamp":"2025-01-25T17:47:17.071Z"}
{"level":"info","message":"Server is running on port 3000","timestamp":"2025-01-25T17:47:22.552Z"}
{"level":"info","message":"Server is running on port 3000","timestamp":"2025-01-25T17:48:21.803Z"}
{"level":"info","message":"Server is running on port 3000","timestamp":"2025-01-25T17:48:32.326Z"}
{"level":"info","message":"Server is running on port 3000","timestamp":"2025-01-25T17:49:21.731Z"}
{"level":"info","message":"Server is running on port 3000","timestamp":"2025-01-25T17:49:34.748Z"}
{"level":"info","message":"Server is running on port 3000","timestamp":"2025-01-25T17:50:57.513Z"}
{"level":"info","message":"Server is running on port 3000","timestamp":"2025-01-25T17:50:58.712Z"}
{"level":"info","message":"Server is running on port 3000","timestamp":"2025-01-25T17:51:00.674Z"}
{"level":"info","message":"Server is running on port 3000","timestamp":"2025-01-25T17:51:05.661Z"}
{"level":"info","message":"Server is running on port 3000","timestamp":"2025-01-25T17:53:18.158Z"}
{"level":"info","message":"Server is running on port 3000","timestamp":"2025-01-25T17:53:31.689Z"}
{"level":"info","message":"Server is running on port 3000","timestamp":"2025-01-25T17:53:33.860Z"}
{"level":"info","message":"Server is running on port 3000","timestamp":"2025-01-25T17:53:47.205Z"}
{"level":"info","message":"Server is running on port 3000","timestamp":"2025-01-25T17:53:50.662Z"}
{"level":"info","message":"Server is running on port 3000","timestamp":"2025-01-25T17:53:56.046Z"}
{"level":"info","message":"Server is running on port 3000","timestamp":"2025-01-25T17:55:36.019Z"}
{"level":"info","message":"Server is running on port 3000","timestamp":"2025-01-25T17:55:53.726Z"}
{"level":"info","message":"Server is running on port 3000","timestamp":"2025-01-25T17:55:54.831Z"}
{"level":"info","message":"Server is running on port 3000","timestamp":"2025-01-25T17:55:55.897Z"}
{"level":"info","message":"Server is running on port 3000","timestamp":"2025-01-25T17:56:22.507Z"}
{"level":"info","message":"Server is running on port 3000","timestamp":"2025-01-25T17:56:40.329Z"}
{"level":"info","message":"Server is running on port 3000","timestamp":"2025-01-25T17:56:43.649Z"}
{"level":"info","message":"Server is running on port 3000","timestamp":"2025-01-25T17:56:55.152Z"}
{"level":"info","message":"Server is running on port 3000","timestamp":"2025-01-25T17:56:56.762Z"}
{"level":"info","message":"Server is running on port 3000","timestamp":"2025-01-25T17:56:58.146Z"}
{"level":"info","message":"Server is running on port 3000","timestamp":"2025-01-25T17:57:00.247Z"}
{"level":"info","message":"Server is running on port 3000","timestamp":"2025-01-25T17:57:02.348Z"}
{"level":"info","message":"Server is running on port 3000","timestamp":"2025-01-25T17:57:27.236Z"}
{"level":"info","message":"Server is running on port 3000","timestamp":"2025-01-25T17:57:32.700Z"}
{"level":"info","message":"Server is running on port 3000","timestamp":"2025-01-25T17:57:34.771Z"}
{"level":"info","message":"Server is running on port 3000","timestamp":"2025-01-25T17:57:43.940Z"}
{"level":"info","message":"Server is running on port 3000","timestamp":"2025-01-25T17:58:11.505Z"}
{"level":"info","message":"Server is running on port 3000","timestamp":"2025-01-25T17:58:24.830Z"}
{"level":"info","message":"Server is running on port 3000","timestamp":"2025-01-25T17:58:48.724Z"}
{"level":"info","message":"Server is running on port 3000","timestamp":"2025-01-25T17:58:54.037Z"}
{"level":"info","message":"Server is running on port 3000","timestamp":"2025-01-25T17:59:13.535Z"}
{"level":"info","message":"Server is running on port 3000","timestamp":"2025-01-25T17:59:16.818Z"}
{"level":"info","message":"Server is running on port 3000","timestamp":"2025-01-25T19:05:23.032Z"}
{"level":"info","message":"Server is running on port 3000","timestamp":"2025-01-25T19:05:25.579Z"}
{"level":"info","message":"Server is running on port 3000","timestamp":"2025-01-25T19:05:34.423Z"}
{"level":"info","message":"Server is running on port 3000","timestamp":"2025-01-25T19:05:37.755Z"}
{"level":"info","message":"Server is running on port 3000","timestamp":"2025-01-25T19:05:39.941Z"}
{"level":"info","message":"Server is running on port 3000","timestamp":"2025-01-25T19:05:51.584Z"}
{"level":"info","message":"Server is running on port 3000","timestamp":"2025-01-25T19:05:53.273Z"}
{"level":"info","message":"Server is running on port 3000","timestamp":"2025-01-25T19:06:18.595Z"}
{"level":"info","message":"Server is running on port 3000","timestamp":"2025-01-25T19:06:24.677Z"}
{"level":"info","message":"Server is running on port 3000","timestamp":"2025-01-25T19:06:29.696Z"}
{"level":"info","message":"Server is running on port 3000","timestamp":"2025-01-25T19:06:31.132Z"}
{"level":"info","message":"Server is running on port 3000","timestamp":"2025-01-25T19:06:50.264Z"}
{"level":"info","message":"Server is running on port 3000","timestamp":"2025-01-25T19:07:09.305Z"}
{"level":"info","message":"Server is running on port 3000","timestamp":"2025-01-25T19:13:44.118Z"}
{"level":"info","message":"Server is running on port 3000","timestamp":"2025-01-25T19:16:49.178Z"}
{"level":"info","message":"Server is running on port 3000","timestamp":"2025-01-25T19:17:00.646Z"}
{"level":"info","message":"Server is running on port 3000","timestamp":"2025-01-25T19:17:02.957Z"}
{"level":"info","message":"Server is running on port 3000","timestamp":"2025-01-25T19:17:22.008Z"}
{"level":"info","message":"Server is running on port 3000","timestamp":"2025-01-25T19:17:25.420Z"}
{"level":"info","message":"Server is running on port 3000","timestamp":"2025-01-25T19:18:29.045Z"}
{"level":"info","message":"Server is running on port 3000","timestamp":"2025-01-25T19:20:28.545Z"}
{"level":"info","message":"Server is running on port 3000","timestamp":"2025-01-25T19:22:03.903Z"}
{"level":"info","message":"Server is running on port 3000","timestamp":"2025-01-25T19:22:06.358Z"}
{"level":"info","message":"Server is running on port 3000","timestamp":"2025-01-25T19:22:12.967Z"}
{"level":"info","message":"Server is running on port 3000","timestamp":"2025-01-25T19:23:25.007Z"}
{"level":"info","message":"Server is running on port 3000","timestamp":"2025-01-25T19:27:59.845Z"}
{"level":"info","message":"Server is running on port 3000","timestamp":"2025-01-25T19:28:04.454Z"}
{"level":"info","message":"Server is running on port 3000","timestamp":"2025-01-25T19:28:38.287Z"}
{"level":"info","message":"Server is running on port 3000","timestamp":"2025-01-25T19:28:59.227Z"}
{"level":"info","message":"Server is running on port 3000","timestamp":"2025-01-25T19:29:39.687Z"}
{"level":"info","message":"Server is running on port 3000","timestamp":"2025-01-25T19:31:46.583Z"}
{"level":"info","message":"Server is running on port 3000","timestamp":"2025-01-25T19:32:07.866Z"}
{"level":"info","message":"Server is running on port 3000","timestamp":"2025-01-25T19:32:10.196Z"}
{"level":"info","message":"Server is running on port 3000","timestamp":"2025-01-25T19:34:48.054Z"}
{"level":"info","message":"Server is running on port 3000","timestamp":"2025-01-25T19:36:36.225Z"}
{"level":"info","message":"Server is running on port 3000","timestamp":"2025-01-25T19:36:49.742Z"}
{"level":"info","message":"Server is running on port 3000","timestamp":"2025-01-25T19:40:09.446Z"}
{"level":"info","message":"Server is running on port 3000","timestamp":"2025-01-25T19:40:10.585Z"}
{"level":"info","message":"Server is running on port 3000","timestamp":"2025-01-25T19:40:14.004Z"}
{"level":"info","message":"Server is running on port 3000","timestamp":"2025-01-25T19:40:15.362Z"}
{"level":"info","message":"Server is running on port 3000","timestamp":"2025-01-25T19:40:16.697Z"}
{"level":"info","message":"Server is running on port 3000","timestamp":"2025-01-25T19:40:18.817Z"}
{"level":"info","message":"Server is running on port 3000","timestamp":"2025-01-25T19:45:32.066Z"}
{"level":"info","message":"Server is running on port 3000","timestamp":"2025-01-25T19:45:36.794Z"}
{"level":"info","message":"Server is running on port 3000","timestamp":"2025-01-25T19:45:40.042Z"}
{"level":"info","message":"Server is running on port 3000","timestamp":"2025-01-25T19:45:55.999Z"}
{"level":"info","message":"Server is running on port 3000","timestamp":"2025-01-25T19:45:58.623Z"}
{"level":"info","message":"Server is running on port 3000","timestamp":"2025-01-25T19:46:30.695Z"}
{"level":"info","message":"Server is running on port 3000","timestamp":"2025-01-25T19:53:04.164Z"}
{"level":"info","message":"Server is running on port 3000","timestamp":"2025-01-25T19:56:18.713Z"}
{"level":"info","message":"Server is running on port 3000","timestamp":"2025-01-25T19:56:20.005Z"}
{"level":"info","message":"Server is running on port 3000","timestamp":"2025-01-25T19:56:24.236Z"}
{"level":"info","message":"Server is running on port 3000","timestamp":"2025-01-25T19:56:36.406Z"}
{"level":"info","message":"Server is running on port 3000","timestamp":"2025-01-25T19:57:22.981Z"}
{"level":"info","message":"Server is running on port 3000","timestamp":"2025-01-25T20:03:13.711Z"}
{"level":"info","message":"Server is running on port 3000","timestamp":"2025-01-25T20:03:19.313Z"}
{"level":"info","message":"Server is running on port 3000","timestamp":"2025-01-25T20:03:25.681Z"}
{"level":"info","message":"Server is running on port 3000","timestamp":"2025-01-25T20:03:32.082Z"}
{"level":"info","message":"Server is running on port 3000","timestamp":"2025-01-25T20:04:40.411Z"}
{"level":"info","message":"Server is running on port 3000","timestamp":"2025-01-25T20:04:50.340Z"}
{"level":"info","message":"Server is running on port 3000","timestamp":"2025-01-25T20:05:02.065Z"}
{"level":"info","message":"Server is running on port 3000","timestamp":"2025-01-25T20:05:04.868Z"}
{"level":"info","message":"Server is running on port 3000","timestamp":"2025-01-25T20:05:11.481Z"}
{"level":"info","message":"Server is running on port 3000","timestamp":"2025-01-25T20:05:26.832Z"}
{"level":"info","message":"Server is running on port 3000","timestamp":"2025-01-25T20:05:35.724Z"}
{"level":"info","message":"Server is running on port 3000","timestamp":"2025-01-25T20:05:43.097Z"}
{"level":"info","message":"Server is running on port 3000","timestamp":"2025-01-25T20:05:44.586Z"}
{"level":"info","message":"Server is running on port 3000","timestamp":"2025-01-25T20:05:48.972Z"}
{"level":"info","message":"Server is running on port 3000","timestamp":"2025-01-25T20:05:53.497Z"}
{"level":"info","message":"Server is running on port 3000","timestamp":"2025-01-25T20:06:00.132Z"}
{"level":"info","message":"Server is running on port 3000","timestamp":"2025-01-25T20:06:03.253Z"}
{"level":"info","message":"Server is running on port 3000","timestamp":"2025-01-25T20:06:34.077Z"}
{"level":"info","message":"Server is running on port 3000","timestamp":"2025-01-25T20:07:41.733Z"}
{"level":"info","message":"Server is running on port 3000","timestamp":"2025-01-25T20:08:26.128Z"}
{"level":"info","message":"Server is running on port 3000","timestamp":"2025-01-25T20:11:08.122Z"}
{"level":"info","message":"Server is running on port 3000","timestamp":"2025-01-25T20:11:12.922Z"}
{"level":"info","message":"Server is running on port 3000","timestamp":"2025-01-25T20:11:17.068Z"}
{"level":"info","message":"Server is running on port 3000","timestamp":"2025-01-25T20:12:49.737Z"}
{"level":"info","message":"Server is running on port 3000","timestamp":"2025-01-25T20:12:53.330Z"}
{"level":"info","message":"Server is running on port 3000","timestamp":"2025-01-25T20:12:55.213Z"}
{"level":"info","message":"Server is running on port 3000","timestamp":"2025-01-25T20:13:12.713Z"}
{"level":"info","message":"Server is running on port 3000","timestamp":"2025-01-25T20:13:15.830Z"}
{"level":"info","message":"Server is running on port 3000","timestamp":"2025-01-25T20:13:21.821Z"}
{"level":"info","message":"Server is running on port 3000","timestamp":"2025-01-25T20:13:26.480Z"}
{"level":"info","message":"Server is running on port 3000","timestamp":"2025-01-25T20:13:29.087Z"}
